{"contracts/ERC20Interface.sol":{"l":{},"path":"/home/vagrant/UpgradableERC20/main/contracts/ERC20Interface.sol","s":{},"b":{},"f":{},"fnMap":{},"statementMap":{},"branchMap":{}},"contracts/Storage.sol":{"l":{},"path":"/home/vagrant/UpgradableERC20/main/contracts/Storage.sol","s":{},"b":{},"f":{},"fnMap":{},"statementMap":{},"branchMap":{}},"contracts/TestToken.sol":{"l":{"16":9,"18":8,"19":8,"20":8,"22":8,"27":1,"32":27,"37":10,"38":9,"39":8,"40":6,"42":5,"43":5,"45":5,"54":8,"55":7,"56":6,"57":3,"58":2,"61":1,"63":1,"64":1,"66":1,"71":3,"72":2,"74":1,"76":1,"81":7,"83":5,"85":5,"87":5,"92":4,"97":2,"99":1,"101":1,"106":2,"108":1,"110":1,"115":2,"117":1,"119":1},"path":"/home/vagrant/UpgradableERC20/main/contracts/TestToken.sol","s":{"1":9,"2":8,"3":8,"4":8,"5":8,"6":1,"7":27,"8":10,"9":9,"10":8,"11":6,"12":5,"13":5,"14":5,"15":8,"16":7,"17":6,"18":3,"19":2,"20":1,"21":1,"22":1,"23":1,"24":3,"25":2,"26":1,"27":1,"28":7,"29":5,"30":5,"31":5,"32":4,"33":2,"34":1,"35":1,"36":2,"37":1,"38":1,"39":2,"40":1,"41":1},"b":{"1":[8,1],"2":[9,1],"3":[8,1],"4":[6,2],"5":[5,1],"6":[7,1],"7":[6,1],"8":[3,3],"9":[2,1],"10":[1,1],"11":[2,1],"12":[1,1],"13":[5,2],"14":[1,1],"15":[1,1],"16":[1,1]},"f":{"1":18,"2":9,"3":1,"4":27,"5":10,"6":8,"7":3,"8":7,"9":4,"10":2,"11":2,"12":2},"fnMap":{"1":{"name":null,"line":12,"loc":{"start":{"line":12,"column":4},"end":{"line":12,"column":22}}},"2":{"name":"initialize","line":15,"loc":{"start":{"line":15,"column":4},"end":{"line":15,"column":52}}},"3":{"name":"totalSupply","line":26,"loc":{"start":{"line":26,"column":4},"end":{"line":26,"column":54}}},"4":{"name":"balanceOf","line":31,"loc":{"start":{"line":31,"column":4},"end":{"line":31,"column":74}}},"5":{"name":"transfer","line":36,"loc":{"start":{"line":36,"column":4},"end":{"line":36,"column":79}}},"6":{"name":"transferFrom","line":49,"loc":{"start":{"line":49,"column":4},"end":{"line":53,"column":37}}},"7":{"name":"transferOwner","line":70,"loc":{"start":{"line":70,"column":4},"end":{"line":70,"column":66}}},"8":{"name":"approve","line":80,"loc":{"start":{"line":80,"column":4},"end":{"line":80,"column":83}}},"9":{"name":"allowance","line":91,"loc":{"start":{"line":91,"column":4},"end":{"line":91,"column":94}}},"10":{"name":"freeze","line":96,"loc":{"start":{"line":96,"column":4},"end":{"line":96,"column":49}}},"11":{"name":"unfreeze","line":105,"loc":{"start":{"line":105,"column":4},"end":{"line":105,"column":51}}},"12":{"name":"blacklist","line":114,"loc":{"start":{"line":114,"column":4},"end":{"line":114,"column":65}}}},"statementMap":{"1":{"start":{"line":16,"column":8},"end":{"line":16,"column":35}},"2":{"start":{"line":18,"column":8},"end":{"line":18,"column":25}},"3":{"start":{"line":19,"column":8},"end":{"line":19,"column":27}},"4":{"start":{"line":20,"column":8},"end":{"line":20,"column":37}},"5":{"start":{"line":22,"column":8},"end":{"line":22,"column":19}},"6":{"start":{"line":27,"column":8},"end":{"line":27,"column":27}},"7":{"start":{"line":32,"column":8},"end":{"line":32,"column":31}},"8":{"start":{"line":37,"column":8},"end":{"line":37,"column":33}},"9":{"start":{"line":38,"column":8},"end":{"line":38,"column":24}},"10":{"start":{"line":39,"column":8},"end":{"line":39,"column":59}},"11":{"start":{"line":40,"column":8},"end":{"line":40,"column":47}},"12":{"start":{"line":42,"column":8},"end":{"line":42,"column":63}},"13":{"start":{"line":43,"column":8},"end":{"line":43,"column":49}},"14":{"start":{"line":45,"column":8},"end":{"line":45,"column":19}},"15":{"start":{"line":54,"column":8},"end":{"line":54,"column":33}},"16":{"start":{"line":55,"column":8},"end":{"line":55,"column":24}},"17":{"start":{"line":56,"column":8},"end":{"line":56,"column":81}},"18":{"start":{"line":57,"column":8},"end":{"line":57,"column":42}},"19":{"start":{"line":58,"column":8},"end":{"line":58,"column":53}},"20":{"start":{"line":61,"column":8},"end":{"line":61,"column":75}},"21":{"start":{"line":63,"column":8},"end":{"line":63,"column":53}},"22":{"start":{"line":64,"column":8},"end":{"line":64,"column":49}},"23":{"start":{"line":66,"column":8},"end":{"line":66,"column":19}},"24":{"start":{"line":71,"column":8},"end":{"line":71,"column":35}},"25":{"start":{"line":72,"column":8},"end":{"line":72,"column":32}},"26":{"start":{"line":74,"column":8},"end":{"line":74,"column":18}},"27":{"start":{"line":76,"column":8},"end":{"line":76,"column":19}},"28":{"start":{"line":81,"column":8},"end":{"line":81,"column":64}},"29":{"start":{"line":83,"column":8},"end":{"line":83,"column":81}},"30":{"start":{"line":85,"column":8},"end":{"line":85,"column":52}},"31":{"start":{"line":87,"column":8},"end":{"line":87,"column":19}},"32":{"start":{"line":92,"column":8},"end":{"line":92,"column":40}},"33":{"start":{"line":97,"column":8},"end":{"line":97,"column":35}},"34":{"start":{"line":99,"column":8},"end":{"line":99,"column":21}},"35":{"start":{"line":101,"column":8},"end":{"line":101,"column":19}},"36":{"start":{"line":106,"column":8},"end":{"line":106,"column":35}},"37":{"start":{"line":108,"column":8},"end":{"line":108,"column":22}},"38":{"start":{"line":110,"column":8},"end":{"line":110,"column":19}},"39":{"start":{"line":115,"column":8},"end":{"line":115,"column":35}},"40":{"start":{"line":117,"column":8},"end":{"line":117,"column":31}},"41":{"start":{"line":119,"column":8},"end":{"line":119,"column":19}}},"branchMap":{"1":{"line":16,"type":"if","locations":[{"start":{"line":16,"column":8},"end":{"line":16,"column":8}},{"start":{"line":16,"column":8},"end":{"line":16,"column":8}}]},"2":{"line":37,"type":"if","locations":[{"start":{"line":37,"column":8},"end":{"line":37,"column":8}},{"start":{"line":37,"column":8},"end":{"line":37,"column":8}}]},"3":{"line":38,"type":"if","locations":[{"start":{"line":38,"column":8},"end":{"line":38,"column":8}},{"start":{"line":38,"column":8},"end":{"line":38,"column":8}}]},"4":{"line":39,"type":"if","locations":[{"start":{"line":39,"column":8},"end":{"line":39,"column":8}},{"start":{"line":39,"column":8},"end":{"line":39,"column":8}}]},"5":{"line":40,"type":"if","locations":[{"start":{"line":40,"column":8},"end":{"line":40,"column":8}},{"start":{"line":40,"column":8},"end":{"line":40,"column":8}}]},"6":{"line":54,"type":"if","locations":[{"start":{"line":54,"column":8},"end":{"line":54,"column":8}},{"start":{"line":54,"column":8},"end":{"line":54,"column":8}}]},"7":{"line":55,"type":"if","locations":[{"start":{"line":55,"column":8},"end":{"line":55,"column":8}},{"start":{"line":55,"column":8},"end":{"line":55,"column":8}}]},"8":{"line":56,"type":"if","locations":[{"start":{"line":56,"column":8},"end":{"line":56,"column":8}},{"start":{"line":56,"column":8},"end":{"line":56,"column":8}}]},"9":{"line":57,"type":"if","locations":[{"start":{"line":57,"column":8},"end":{"line":57,"column":8}},{"start":{"line":57,"column":8},"end":{"line":57,"column":8}}]},"10":{"line":58,"type":"if","locations":[{"start":{"line":58,"column":8},"end":{"line":58,"column":8}},{"start":{"line":58,"column":8},"end":{"line":58,"column":8}}]},"11":{"line":71,"type":"if","locations":[{"start":{"line":71,"column":8},"end":{"line":71,"column":8}},{"start":{"line":71,"column":8},"end":{"line":71,"column":8}}]},"12":{"line":72,"type":"if","locations":[{"start":{"line":72,"column":8},"end":{"line":72,"column":8}},{"start":{"line":72,"column":8},"end":{"line":72,"column":8}}]},"13":{"line":81,"type":"if","locations":[{"start":{"line":81,"column":8},"end":{"line":81,"column":8}},{"start":{"line":81,"column":8},"end":{"line":81,"column":8}}]},"14":{"line":97,"type":"if","locations":[{"start":{"line":97,"column":8},"end":{"line":97,"column":8}},{"start":{"line":97,"column":8},"end":{"line":97,"column":8}}]},"15":{"line":106,"type":"if","locations":[{"start":{"line":106,"column":8},"end":{"line":106,"column":8}},{"start":{"line":106,"column":8},"end":{"line":106,"column":8}}]},"16":{"line":115,"type":"if","locations":[{"start":{"line":115,"column":8},"end":{"line":115,"column":8}},{"start":{"line":115,"column":8},"end":{"line":115,"column":8}}]}}},"contracts/TestTokenProxy.sol":{"l":{"13":9,"14":9,"18":77,"22":3,"23":2,"25":1,"27":1,"31":77,"33":77},"path":"/home/vagrant/UpgradableERC20/main/contracts/TestTokenProxy.sol","s":{"1":9,"2":9,"3":77,"4":3,"5":2,"6":1,"7":1,"8":77},"b":{"1":[2,1],"2":[1,1]},"f":{"1":9,"2":77,"3":3,"4":77},"fnMap":{"1":{"name":null,"line":12,"loc":{"start":{"line":12,"column":4},"end":{"line":12,"column":35}}},"2":{"name":"implementation","line":17,"loc":{"start":{"line":17,"column":4},"end":{"line":17,"column":56}}},"3":{"name":"upgradeTo","line":21,"loc":{"start":{"line":21,"column":4},"end":{"line":21,"column":66}}},"4":{"name":null,"line":30,"loc":{"start":{"line":30,"column":4},"end":{"line":30,"column":27}}}},"statementMap":{"1":{"start":{"line":13,"column":8},"end":{"line":13,"column":19}},"2":{"start":{"line":14,"column":8},"end":{"line":14,"column":25}},"3":{"start":{"line":18,"column":8},"end":{"line":18,"column":19}},"4":{"start":{"line":22,"column":8},"end":{"line":22,"column":35}},"5":{"start":{"line":23,"column":8},"end":{"line":23,"column":35}},"6":{"start":{"line":25,"column":8},"end":{"line":25,"column":19}},"7":{"start":{"line":27,"column":8},"end":{"line":27,"column":19}},"8":{"start":{"line":31,"column":8},"end":{"line":31,"column":49}}},"branchMap":{"1":{"line":22,"type":"if","locations":[{"start":{"line":22,"column":8},"end":{"line":22,"column":8}},{"start":{"line":22,"column":8},"end":{"line":22,"column":8}}]},"2":{"line":23,"type":"if","locations":[{"start":{"line":23,"column":8},"end":{"line":23,"column":8}},{"start":{"line":23,"column":8},"end":{"line":23,"column":8}}]}}},"contracts/TestTokenV2.sol":{"l":{"12":2,"14":1,"15":1,"17":1},"path":"/home/vagrant/UpgradableERC20/main/contracts/TestTokenV2.sol","s":{"1":2,"2":1,"3":1,"4":1},"b":{"1":[1,1]},"f":{"1":2},"fnMap":{"1":{"name":"transfer","line":10,"loc":{"start":{"line":10,"column":4},"end":{"line":10,"column":79}}}},"statementMap":{"1":{"start":{"line":12,"column":8},"end":{"line":12,"column":47}},"2":{"start":{"line":14,"column":8},"end":{"line":14,"column":57}},"3":{"start":{"line":15,"column":8},"end":{"line":15,"column":43}},"4":{"start":{"line":17,"column":8},"end":{"line":17,"column":19}}},"branchMap":{"1":{"line":12,"type":"if","locations":[{"start":{"line":12,"column":8},"end":{"line":12,"column":8}},{"start":{"line":12,"column":8},"end":{"line":12,"column":8}}]}}}}