{"contracts/ERC20Interface.sol":{"l":{},"path":"/home/vagrant/UpgradableERC20/main/contracts/ERC20Interface.sol","s":{},"b":{},"f":{},"fnMap":{},"statementMap":{},"branchMap":{}},"contracts/Storage.sol":{"l":{},"path":"/home/vagrant/UpgradableERC20/main/contracts/Storage.sol","s":{},"b":{},"f":{},"fnMap":{},"statementMap":{},"branchMap":{}},"contracts/TestToken.sol":{"l":{"15":9,"17":8,"18":8,"19":8,"21":8,"26":1,"31":27,"36":10,"37":9,"38":8,"39":6,"41":5,"42":5,"44":5,"46":5,"55":8,"56":7,"57":6,"58":3,"59":2,"62":1,"64":1,"65":1,"67":1,"69":1,"74":3,"75":2,"77":1,"79":1,"84":7,"86":5,"88":5,"90":5,"95":4,"100":2,"102":1,"104":1,"109":2,"111":1,"113":1,"118":2,"120":1,"122":1},"path":"/home/vagrant/UpgradableERC20/main/contracts/TestToken.sol","s":{"1":9,"2":8,"3":8,"4":8,"5":8,"6":1,"7":27,"8":10,"9":9,"10":8,"11":6,"12":5,"13":5,"14":5,"15":5,"16":8,"17":7,"18":6,"19":3,"20":2,"21":1,"22":1,"23":1,"24":1,"25":1,"26":3,"27":2,"28":1,"29":1,"30":7,"31":5,"32":5,"33":5,"34":4,"35":2,"36":1,"37":1,"38":2,"39":1,"40":1,"41":2,"42":1,"43":1},"b":{"1":[8,1],"2":[9,1],"3":[8,1],"4":[6,2],"5":[5,1],"6":[7,1],"7":[6,1],"8":[3,3],"9":[2,1],"10":[1,1],"11":[2,1],"12":[1,1],"13":[5,2],"14":[1,1],"15":[1,1],"16":[1,1]},"f":{"1":18,"2":9,"3":1,"4":27,"5":10,"6":8,"7":3,"8":7,"9":4,"10":2,"11":2,"12":2},"fnMap":{"1":{"name":null,"line":11,"loc":{"start":{"line":11,"column":4},"end":{"line":11,"column":22}}},"2":{"name":"initialize","line":14,"loc":{"start":{"line":14,"column":4},"end":{"line":14,"column":72}}},"3":{"name":"totalSupply","line":25,"loc":{"start":{"line":25,"column":4},"end":{"line":25,"column":54}}},"4":{"name":"balanceOf","line":30,"loc":{"start":{"line":30,"column":4},"end":{"line":30,"column":74}}},"5":{"name":"transfer","line":35,"loc":{"start":{"line":35,"column":4},"end":{"line":35,"column":79}}},"6":{"name":"transferFrom","line":50,"loc":{"start":{"line":50,"column":4},"end":{"line":54,"column":37}}},"7":{"name":"transferOwner","line":73,"loc":{"start":{"line":73,"column":4},"end":{"line":73,"column":66}}},"8":{"name":"approve","line":83,"loc":{"start":{"line":83,"column":4},"end":{"line":83,"column":83}}},"9":{"name":"allowance","line":94,"loc":{"start":{"line":94,"column":4},"end":{"line":94,"column":94}}},"10":{"name":"freeze","line":99,"loc":{"start":{"line":99,"column":4},"end":{"line":99,"column":49}}},"11":{"name":"unfreeze","line":108,"loc":{"start":{"line":108,"column":4},"end":{"line":108,"column":51}}},"12":{"name":"blacklist","line":117,"loc":{"start":{"line":117,"column":4},"end":{"line":117,"column":65}}}},"statementMap":{"1":{"start":{"line":15,"column":8},"end":{"line":15,"column":35}},"2":{"start":{"line":17,"column":8},"end":{"line":17,"column":25}},"3":{"start":{"line":18,"column":8},"end":{"line":18,"column":34}},"4":{"start":{"line":19,"column":8},"end":{"line":19,"column":37}},"5":{"start":{"line":21,"column":8},"end":{"line":21,"column":19}},"6":{"start":{"line":26,"column":8},"end":{"line":26,"column":27}},"7":{"start":{"line":31,"column":8},"end":{"line":31,"column":31}},"8":{"start":{"line":36,"column":8},"end":{"line":36,"column":33}},"9":{"start":{"line":37,"column":8},"end":{"line":37,"column":24}},"10":{"start":{"line":38,"column":8},"end":{"line":38,"column":59}},"11":{"start":{"line":39,"column":8},"end":{"line":39,"column":47}},"12":{"start":{"line":41,"column":8},"end":{"line":41,"column":63}},"13":{"start":{"line":42,"column":8},"end":{"line":42,"column":49}},"14":{"start":{"line":44,"column":8},"end":{"line":44,"column":47}},"15":{"start":{"line":46,"column":8},"end":{"line":46,"column":19}},"16":{"start":{"line":55,"column":8},"end":{"line":55,"column":33}},"17":{"start":{"line":56,"column":8},"end":{"line":56,"column":24}},"18":{"start":{"line":57,"column":8},"end":{"line":57,"column":81}},"19":{"start":{"line":58,"column":8},"end":{"line":58,"column":42}},"20":{"start":{"line":59,"column":8},"end":{"line":59,"column":53}},"21":{"start":{"line":62,"column":8},"end":{"line":62,"column":75}},"22":{"start":{"line":64,"column":8},"end":{"line":64,"column":53}},"23":{"start":{"line":65,"column":8},"end":{"line":65,"column":49}},"24":{"start":{"line":67,"column":8},"end":{"line":67,"column":42}},"25":{"start":{"line":69,"column":8},"end":{"line":69,"column":19}},"26":{"start":{"line":74,"column":8},"end":{"line":74,"column":35}},"27":{"start":{"line":75,"column":8},"end":{"line":75,"column":32}},"28":{"start":{"line":77,"column":8},"end":{"line":77,"column":18}},"29":{"start":{"line":79,"column":8},"end":{"line":79,"column":19}},"30":{"start":{"line":84,"column":8},"end":{"line":84,"column":64}},"31":{"start":{"line":86,"column":8},"end":{"line":86,"column":46}},"32":{"start":{"line":88,"column":8},"end":{"line":88,"column":52}},"33":{"start":{"line":90,"column":8},"end":{"line":90,"column":19}},"34":{"start":{"line":95,"column":8},"end":{"line":95,"column":40}},"35":{"start":{"line":100,"column":8},"end":{"line":100,"column":35}},"36":{"start":{"line":102,"column":8},"end":{"line":102,"column":21}},"37":{"start":{"line":104,"column":8},"end":{"line":104,"column":19}},"38":{"start":{"line":109,"column":8},"end":{"line":109,"column":35}},"39":{"start":{"line":111,"column":8},"end":{"line":111,"column":22}},"40":{"start":{"line":113,"column":8},"end":{"line":113,"column":19}},"41":{"start":{"line":118,"column":8},"end":{"line":118,"column":35}},"42":{"start":{"line":120,"column":8},"end":{"line":120,"column":31}},"43":{"start":{"line":122,"column":8},"end":{"line":122,"column":19}}},"branchMap":{"1":{"line":15,"type":"if","locations":[{"start":{"line":15,"column":8},"end":{"line":15,"column":8}},{"start":{"line":15,"column":8},"end":{"line":15,"column":8}}]},"2":{"line":36,"type":"if","locations":[{"start":{"line":36,"column":8},"end":{"line":36,"column":8}},{"start":{"line":36,"column":8},"end":{"line":36,"column":8}}]},"3":{"line":37,"type":"if","locations":[{"start":{"line":37,"column":8},"end":{"line":37,"column":8}},{"start":{"line":37,"column":8},"end":{"line":37,"column":8}}]},"4":{"line":38,"type":"if","locations":[{"start":{"line":38,"column":8},"end":{"line":38,"column":8}},{"start":{"line":38,"column":8},"end":{"line":38,"column":8}}]},"5":{"line":39,"type":"if","locations":[{"start":{"line":39,"column":8},"end":{"line":39,"column":8}},{"start":{"line":39,"column":8},"end":{"line":39,"column":8}}]},"6":{"line":55,"type":"if","locations":[{"start":{"line":55,"column":8},"end":{"line":55,"column":8}},{"start":{"line":55,"column":8},"end":{"line":55,"column":8}}]},"7":{"line":56,"type":"if","locations":[{"start":{"line":56,"column":8},"end":{"line":56,"column":8}},{"start":{"line":56,"column":8},"end":{"line":56,"column":8}}]},"8":{"line":57,"type":"if","locations":[{"start":{"line":57,"column":8},"end":{"line":57,"column":8}},{"start":{"line":57,"column":8},"end":{"line":57,"column":8}}]},"9":{"line":58,"type":"if","locations":[{"start":{"line":58,"column":8},"end":{"line":58,"column":8}},{"start":{"line":58,"column":8},"end":{"line":58,"column":8}}]},"10":{"line":59,"type":"if","locations":[{"start":{"line":59,"column":8},"end":{"line":59,"column":8}},{"start":{"line":59,"column":8},"end":{"line":59,"column":8}}]},"11":{"line":74,"type":"if","locations":[{"start":{"line":74,"column":8},"end":{"line":74,"column":8}},{"start":{"line":74,"column":8},"end":{"line":74,"column":8}}]},"12":{"line":75,"type":"if","locations":[{"start":{"line":75,"column":8},"end":{"line":75,"column":8}},{"start":{"line":75,"column":8},"end":{"line":75,"column":8}}]},"13":{"line":84,"type":"if","locations":[{"start":{"line":84,"column":8},"end":{"line":84,"column":8}},{"start":{"line":84,"column":8},"end":{"line":84,"column":8}}]},"14":{"line":100,"type":"if","locations":[{"start":{"line":100,"column":8},"end":{"line":100,"column":8}},{"start":{"line":100,"column":8},"end":{"line":100,"column":8}}]},"15":{"line":109,"type":"if","locations":[{"start":{"line":109,"column":8},"end":{"line":109,"column":8}},{"start":{"line":109,"column":8},"end":{"line":109,"column":8}}]},"16":{"line":118,"type":"if","locations":[{"start":{"line":118,"column":8},"end":{"line":118,"column":8}},{"start":{"line":118,"column":8},"end":{"line":118,"column":8}}]}}},"contracts/TestTokenProxy.sol":{"l":{"13":9,"14":9,"18":77,"22":3,"23":2,"25":1,"27":1,"31":77,"33":77},"path":"/home/vagrant/UpgradableERC20/main/contracts/TestTokenProxy.sol","s":{"1":9,"2":9,"3":77,"4":3,"5":2,"6":1,"7":1,"8":77},"b":{"1":[2,1],"2":[1,1]},"f":{"1":9,"2":77,"3":3,"4":77},"fnMap":{"1":{"name":null,"line":12,"loc":{"start":{"line":12,"column":4},"end":{"line":12,"column":35}}},"2":{"name":"implementation","line":17,"loc":{"start":{"line":17,"column":4},"end":{"line":17,"column":56}}},"3":{"name":"upgradeTo","line":21,"loc":{"start":{"line":21,"column":4},"end":{"line":21,"column":66}}},"4":{"name":null,"line":30,"loc":{"start":{"line":30,"column":4},"end":{"line":30,"column":27}}}},"statementMap":{"1":{"start":{"line":13,"column":8},"end":{"line":13,"column":19}},"2":{"start":{"line":14,"column":8},"end":{"line":14,"column":25}},"3":{"start":{"line":18,"column":8},"end":{"line":18,"column":19}},"4":{"start":{"line":22,"column":8},"end":{"line":22,"column":35}},"5":{"start":{"line":23,"column":8},"end":{"line":23,"column":35}},"6":{"start":{"line":25,"column":8},"end":{"line":25,"column":19}},"7":{"start":{"line":27,"column":8},"end":{"line":27,"column":19}},"8":{"start":{"line":31,"column":8},"end":{"line":31,"column":49}}},"branchMap":{"1":{"line":22,"type":"if","locations":[{"start":{"line":22,"column":8},"end":{"line":22,"column":8}},{"start":{"line":22,"column":8},"end":{"line":22,"column":8}}]},"2":{"line":23,"type":"if","locations":[{"start":{"line":23,"column":8},"end":{"line":23,"column":8}},{"start":{"line":23,"column":8},"end":{"line":23,"column":8}}]}}},"contracts/TestTokenV2.sol":{"l":{"12":2,"14":1,"15":1,"17":1},"path":"/home/vagrant/UpgradableERC20/main/contracts/TestTokenV2.sol","s":{"1":2,"2":1,"3":1,"4":1},"b":{"1":[1,1]},"f":{"1":2},"fnMap":{"1":{"name":"transfer","line":10,"loc":{"start":{"line":10,"column":4},"end":{"line":10,"column":79}}}},"statementMap":{"1":{"start":{"line":12,"column":8},"end":{"line":12,"column":47}},"2":{"start":{"line":14,"column":8},"end":{"line":14,"column":57}},"3":{"start":{"line":15,"column":8},"end":{"line":15,"column":43}},"4":{"start":{"line":17,"column":8},"end":{"line":17,"column":19}}},"branchMap":{"1":{"line":12,"type":"if","locations":[{"start":{"line":12,"column":8},"end":{"line":12,"column":8}},{"start":{"line":12,"column":8},"end":{"line":12,"column":8}}]}}}}