TN:
SF:/home/vagrant/UpgradableERC20/main/contracts/ERC20Interface.sol
FNF:0
FNH:0
LF:0
LH:0
BRF:0
BRH:0
end_of_record
TN:
SF:/home/vagrant/UpgradableERC20/main/contracts/Storage.sol
FNF:0
FNH:0
LF:0
LH:0
BRF:0
BRH:0
end_of_record
TN:
SF:/home/vagrant/UpgradableERC20/main/contracts/TestToken.sol
FN:12,
FN:15,initialize
FN:26,totalSupply
FN:31,balanceOf
FN:36,transfer
FN:49,transferFrom
FN:70,transferOwner
FN:80,approve
FN:91,allowance
FN:96,freeze
FN:105,unfreeze
FN:114,blacklist
FNF:12
FNH:12
FNDA:18,
FNDA:9,initialize
FNDA:1,totalSupply
FNDA:27,balanceOf
FNDA:10,transfer
FNDA:8,transferFrom
FNDA:3,transferOwner
FNDA:7,approve
FNDA:4,allowance
FNDA:2,freeze
FNDA:2,unfreeze
FNDA:2,blacklist
DA:16,9
DA:18,8
DA:19,8
DA:20,8
DA:22,8
DA:27,1
DA:32,27
DA:37,10
DA:38,9
DA:39,8
DA:40,6
DA:42,5
DA:43,5
DA:45,5
DA:54,8
DA:55,7
DA:56,6
DA:57,3
DA:58,2
DA:61,1
DA:63,1
DA:64,1
DA:66,1
DA:71,3
DA:72,2
DA:74,1
DA:76,1
DA:81,7
DA:83,5
DA:85,5
DA:87,5
DA:92,4
DA:97,2
DA:99,1
DA:101,1
DA:106,2
DA:108,1
DA:110,1
DA:115,2
DA:117,1
DA:119,1
LF:41
LH:41
BRDA:16,1,0,8
BRDA:16,1,1,1
BRDA:37,2,0,9
BRDA:37,2,1,1
BRDA:38,3,0,8
BRDA:38,3,1,1
BRDA:39,4,0,6
BRDA:39,4,1,2
BRDA:40,5,0,5
BRDA:40,5,1,1
BRDA:54,6,0,7
BRDA:54,6,1,1
BRDA:55,7,0,6
BRDA:55,7,1,1
BRDA:56,8,0,3
BRDA:56,8,1,3
BRDA:57,9,0,2
BRDA:57,9,1,1
BRDA:58,10,0,1
BRDA:58,10,1,1
BRDA:71,11,0,2
BRDA:71,11,1,1
BRDA:72,12,0,1
BRDA:72,12,1,1
BRDA:81,13,0,5
BRDA:81,13,1,2
BRDA:97,14,0,1
BRDA:97,14,1,1
BRDA:106,15,0,1
BRDA:106,15,1,1
BRDA:115,16,0,1
BRDA:115,16,1,1
BRF:32
BRH:32
end_of_record
TN:
SF:/home/vagrant/UpgradableERC20/main/contracts/TestTokenProxy.sol
FN:12,
FN:17,implementation
FN:21,upgradeTo
FN:30,
FNF:4
FNH:4
FNDA:9,
FNDA:77,implementation
FNDA:3,upgradeTo
FNDA:77,
DA:13,9
DA:14,9
DA:18,77
DA:22,3
DA:23,2
DA:25,1
DA:27,1
DA:31,77
DA:33,77
LF:9
LH:9
BRDA:22,1,0,2
BRDA:22,1,1,1
BRDA:23,2,0,1
BRDA:23,2,1,1
BRF:4
BRH:4
end_of_record
TN:
SF:/home/vagrant/UpgradableERC20/main/contracts/TestTokenV2.sol
FN:10,transfer
FNF:1
FNH:1
FNDA:2,transfer
DA:12,2
DA:14,1
DA:15,1
DA:17,1
LF:4
LH:4
BRDA:12,1,0,1
BRDA:12,1,1,1
BRF:2
BRH:2
end_of_record
