TN:
SF:/home/vagrant/UpgradableERC20/main/contracts/ERC20Interface.sol
FNF:0
FNH:0
LF:0
LH:0
BRF:0
BRH:0
end_of_record
TN:
SF:/home/vagrant/UpgradableERC20/main/contracts/Storage.sol
FNF:0
FNH:0
LF:0
LH:0
BRF:0
BRH:0
end_of_record
TN:
SF:/home/vagrant/UpgradableERC20/main/contracts/TestToken.sol
FN:11,
FN:14,initialize
FN:25,totalSupply
FN:30,balanceOf
FN:35,transfer
FN:50,transferFrom
FN:73,transferOwner
FN:83,approve
FN:94,allowance
FN:99,freeze
FN:108,unfreeze
FN:117,blacklist
FNF:12
FNH:12
FNDA:18,
FNDA:9,initialize
FNDA:1,totalSupply
FNDA:27,balanceOf
FNDA:10,transfer
FNDA:8,transferFrom
FNDA:3,transferOwner
FNDA:7,approve
FNDA:4,allowance
FNDA:2,freeze
FNDA:2,unfreeze
FNDA:2,blacklist
DA:15,9
DA:17,8
DA:18,8
DA:19,8
DA:21,8
DA:26,1
DA:31,27
DA:36,10
DA:37,9
DA:38,8
DA:39,6
DA:41,5
DA:42,5
DA:44,5
DA:46,5
DA:55,8
DA:56,7
DA:57,6
DA:58,3
DA:59,2
DA:62,1
DA:64,1
DA:65,1
DA:67,1
DA:69,1
DA:74,3
DA:75,2
DA:77,1
DA:79,1
DA:84,7
DA:86,5
DA:88,5
DA:90,5
DA:95,4
DA:100,2
DA:102,1
DA:104,1
DA:109,2
DA:111,1
DA:113,1
DA:118,2
DA:120,1
DA:122,1
LF:43
LH:43
BRDA:15,1,0,8
BRDA:15,1,1,1
BRDA:36,2,0,9
BRDA:36,2,1,1
BRDA:37,3,0,8
BRDA:37,3,1,1
BRDA:38,4,0,6
BRDA:38,4,1,2
BRDA:39,5,0,5
BRDA:39,5,1,1
BRDA:55,6,0,7
BRDA:55,6,1,1
BRDA:56,7,0,6
BRDA:56,7,1,1
BRDA:57,8,0,3
BRDA:57,8,1,3
BRDA:58,9,0,2
BRDA:58,9,1,1
BRDA:59,10,0,1
BRDA:59,10,1,1
BRDA:74,11,0,2
BRDA:74,11,1,1
BRDA:75,12,0,1
BRDA:75,12,1,1
BRDA:84,13,0,5
BRDA:84,13,1,2
BRDA:100,14,0,1
BRDA:100,14,1,1
BRDA:109,15,0,1
BRDA:109,15,1,1
BRDA:118,16,0,1
BRDA:118,16,1,1
BRF:32
BRH:32
end_of_record
TN:
SF:/home/vagrant/UpgradableERC20/main/contracts/TestTokenProxy.sol
FN:12,
FN:17,implementation
FN:21,upgradeTo
FN:30,
FNF:4
FNH:4
FNDA:9,
FNDA:77,implementation
FNDA:3,upgradeTo
FNDA:77,
DA:13,9
DA:14,9
DA:18,77
DA:22,3
DA:23,2
DA:25,1
DA:27,1
DA:31,77
DA:33,77
LF:9
LH:9
BRDA:22,1,0,2
BRDA:22,1,1,1
BRDA:23,2,0,1
BRDA:23,2,1,1
BRF:4
BRH:4
end_of_record
TN:
SF:/home/vagrant/UpgradableERC20/main/contracts/TestTokenV2.sol
FN:10,transfer
FNF:1
FNH:1
FNDA:2,transfer
DA:12,2
DA:14,1
DA:15,1
DA:17,1
LF:4
LH:4
BRDA:12,1,0,1
BRDA:12,1,1,1
BRF:2
BRH:2
end_of_record
